Arguments: 
  /Users/decagon/.volta/tools/image/node/14.16.0/bin/node /Users/decagon/.volta/tools/image/yarn/1.22.10/bin/yarn.js init

PATH: 
  /Users/decagon/.volta/tools/image/yarn/1.22.10/bin:/Users/decagon/.volta/tools/image/node/14.16.0/bin:/Users/decagon/.volta/bin:/usr/local/bin:/usr/bin:/bin:/usr/sbin:/sbin:/Users/decagon/.volta/bin

Yarn version: 
  1.22.10

Node version: 
  14.16.0

Platform: 
  darwin x64

Trace: 
  Error: canceled
      at Interface.<anonymous> (/Users/decagon/.volta/tools/image/yarn/1.22.10/lib/cli.js:136216:13)
      at Interface.emit (events.js:315:20)
      at Interface._ttyWrite (readline.js:875:16)
      at ReadStream.onkeypress (readline.js:213:10)
      at ReadStream.emit (events.js:315:20)
      at emitKeys (internal/readline/utils.js:345:14)
      at emitKeys.next (<anonymous>)
      at ReadStream.onData (readline.js:1144:36)
      at ReadStream.emit (events.js:315:20)
      at addChunk (internal/streams/readable.js:309:12)

npm manifest: 
  {
    "name": "react-boiler-plate",
    "version": "1.0.0",
    "description": "react boiler plate",
    "main": "index.js",
    "engine": {
      "node": "10.16.0",
      "npm": "6.9.0"
    },
    "scripts": {
      "start": "node server/index.js",
      "backend": "nodemon server/index.js",
      "frontend": "npm run start --prefix client",
      "dev": "concurrently \"npm run backend\" \"npm run start --prefix client\""
    },
    "author": "John ahn",
    "license": "ISC",
    "dependencies": {
      "bcrypt": "^3.0.6",
      "body-parser": "^1.18.3",
      "cookie-parser": "^1.4.3",
      "cors": "^2.8.5",
      "debug": "^4.1.1",
      "express": "^4.17.1",
      "jsonwebtoken": "^8.5.1",
      "moment": "^2.24.0",
      "mongoose": "^5.4.20",
      "react-redux": "^5.0.7",
      "saslprep": "^1.0.3",
      "supports-color": "^7.1.0"
    },
    "devDependencies": {
      "concurrently": "^4.1.0",
      "nodemon": "^1.19.1"
    }
  }

yarn manifest: 
  No manifest

Lockfile: 
  No lockfile
